-------------------------------------------------------------------------------
Test set: com.grigorovich.TestTheFirstStrategy
-------------------------------------------------------------------------------
Tests run: 4, Failures: 4, Errors: 0, Skipped: 0, Time elapsed: 0.001 sec <<< FAILURE!
com.grigorovich.TestTheFirstStrategy.testTheFirstStrategyTalent_Zero_Point_One()  Time elapsed: 0.001 sec  <<< FAILURE!
junit.framework.AssertionFailedError: expected:<77.3> but was:<73.4>
	at junit.framework.Assert.fail(Assert.java:47)
	at junit.framework.Assert.failNotEquals(Assert.java:282)
	at junit.framework.Assert.assertEquals(Assert.java:64)
	at junit.framework.Assert.assertEquals(Assert.java:71)
	at com.grigorovich.TestTheFirstStrategy.testTheFirstStrategyTalent_Zero_Point_One(TestTheFirstStrategy.java:20)

com.grigorovich.TestTheFirstStrategy.testTheFirstStrategyTalent_Zero_Point_Five()  Time elapsed: 0 sec  <<< FAILURE!
junit.framework.AssertionFailedError: expected:<14.6> but was:<14.7>
	at junit.framework.Assert.fail(Assert.java:47)
	at junit.framework.Assert.failNotEquals(Assert.java:282)
	at junit.framework.Assert.assertEquals(Assert.java:64)
	at junit.framework.Assert.assertEquals(Assert.java:71)
	at com.grigorovich.TestTheFirstStrategy.testTheFirstStrategyTalent_Zero_Point_Five(TestTheFirstStrategy.java:26)

com.grigorovich.TestTheFirstStrategy.testTheFirstStrategyTalent_Zero_Point_Eight()  Time elapsed: 0 sec  <<< FAILURE!
junit.framework.AssertionFailedError: expected:<9.16> but was:<9.2>
	at junit.framework.Assert.fail(Assert.java:47)
	at junit.framework.Assert.failNotEquals(Assert.java:282)
	at junit.framework.Assert.assertEquals(Assert.java:64)
	at junit.framework.Assert.assertEquals(Assert.java:71)
	at com.grigorovich.TestTheFirstStrategy.testTheFirstStrategyTalent_Zero_Point_Eight(TestTheFirstStrategy.java:32)

com.grigorovich.TestTheFirstStrategy.testTheFirstStrategyTalent_0ne()  Time elapsed: 0 sec  <<< FAILURE!
junit.framework.AssertionFailedError: expected:<7.3> but was:<7.4>
	at junit.framework.Assert.fail(Assert.java:47)
	at junit.framework.Assert.failNotEquals(Assert.java:282)
	at junit.framework.Assert.assertEquals(Assert.java:64)
	at junit.framework.Assert.assertEquals(Assert.java:71)
	at com.grigorovich.TestTheFirstStrategy.testTheFirstStrategyTalent_0ne(TestTheFirstStrategy.java:14)

