<?xml version="1.0" encoding="UTF-8" ?>
<testsuite tests="4" failures="4" name="com.grigorovich.TestTheFirstStrategy" time="0.001" errors="0" skipped="0">
  <properties>
[...]
</properties>
  <testcase classname="com.grigorovich.TestTheFirstStrategy" name="com.grigorovich.TestTheFirstStrategy.testTheFirstStrategyTalent_Zero_Point_One" time="0.001">
    <failure message="expected:&lt;77.3&gt; but was:&lt;73.4&gt;" type="junit.framework.AssertionFailedError">junit.framework.AssertionFailedError: expected:&lt;77.3&gt; but was:&lt;73.4&gt;
	at junit.framework.Assert.fail(Assert.java:47)
	at junit.framework.Assert.failNotEquals(Assert.java:282)
	at junit.framework.Assert.assertEquals(Assert.java:64)
	at junit.framework.Assert.assertEquals(Assert.java:71)
	at com.grigorovich.TestTheFirstStrategy.testTheFirstStrategyTalent_Zero_Point_One(TestTheFirstStrategy.java:20)
</failure>
  </testcase>
  <testcase classname="com.grigorovich.TestTheFirstStrategy" name="com.grigorovich.TestTheFirstStrategy.testTheFirstStrategyTalent_Zero_Point_Five" time="0">
    <failure message="expected:&lt;14.6&gt; but was:&lt;14.7&gt;" type="junit.framework.AssertionFailedError">junit.framework.AssertionFailedError: expected:&lt;14.6&gt; but was:&lt;14.7&gt;
	at junit.framework.Assert.fail(Assert.java:47)
	at junit.framework.Assert.failNotEquals(Assert.java:282)
	at junit.framework.Assert.assertEquals(Assert.java:64)
	at junit.framework.Assert.assertEquals(Assert.java:71)
	at com.grigorovich.TestTheFirstStrategy.testTheFirstStrategyTalent_Zero_Point_Five(TestTheFirstStrategy.java:26)
</failure>
  </testcase>
  <testcase classname="com.grigorovich.TestTheFirstStrategy" name="com.grigorovich.TestTheFirstStrategy.testTheFirstStrategyTalent_Zero_Point_Eight" time="0">
    <failure message="expected:&lt;9.16&gt; but was:&lt;9.2&gt;" type="junit.framework.AssertionFailedError">junit.framework.AssertionFailedError: expected:&lt;9.16&gt; but was:&lt;9.2&gt;
	at junit.framework.Assert.fail(Assert.java:47)
	at junit.framework.Assert.failNotEquals(Assert.java:282)
	at junit.framework.Assert.assertEquals(Assert.java:64)
	at junit.framework.Assert.assertEquals(Assert.java:71)
	at com.grigorovich.TestTheFirstStrategy.testTheFirstStrategyTalent_Zero_Point_Eight(TestTheFirstStrategy.java:32)
</failure>
  </testcase>
  <testcase classname="com.grigorovich.TestTheFirstStrategy" name="com.grigorovich.TestTheFirstStrategy.testTheFirstStrategyTalent_0ne" time="0">
    <failure message="expected:&lt;7.3&gt; but was:&lt;7.4&gt;" type="junit.framework.AssertionFailedError">junit.framework.AssertionFailedError: expected:&lt;7.3&gt; but was:&lt;7.4&gt;
	at junit.framework.Assert.fail(Assert.java:47)
	at junit.framework.Assert.failNotEquals(Assert.java:282)
	at junit.framework.Assert.assertEquals(Assert.java:64)
	at junit.framework.Assert.assertEquals(Assert.java:71)
	at com.grigorovich.TestTheFirstStrategy.testTheFirstStrategyTalent_0ne(TestTheFirstStrategy.java:14)
</failure>
  </testcase>
</testsuite>